{"C:\\Users\\guilh\\Desktop\\Estudos-Jest\\src\\app.js": {"path":"C:\\Users\\guilh\\Desktop\\Estudos-Jest\\src\\app.js","all":false,"statementMap":{"0":{"start":{"line":1,"column":0},"end":{"line":1,"column":33}},"1":{"start":{"line":2,"column":0},"end":{"line":2,"column":35}},"2":{"start":{"line":3,"column":0},"end":{"line":3,"column":22}},"3":{"start":{"line":4,"column":0},"end":{"line":4,"column":18}},"4":{"start":{"line":5,"column":0},"end":{"line":5,"column":0}},"5":{"start":{"line":6,"column":0},"end":{"line":6,"column":24}},"6":{"start":{"line":7,"column":0},"end":{"line":7,"column":0}},"7":{"start":{"line":8,"column":0},"end":{"line":8,"column":47}},"8":{"start":{"line":9,"column":0},"end":{"line":9,"column":0}},"9":{"start":{"line":10,"column":0},"end":{"line":10,"column":44}},"10":{"start":{"line":11,"column":0},"end":{"line":11,"column":33}},"11":{"start":{"line":12,"column":0},"end":{"line":12,"column":39}},"12":{"start":{"line":13,"column":0},"end":{"line":13,"column":68}},"13":{"start":{"line":14,"column":0},"end":{"line":14,"column":19}},"14":{"start":{"line":15,"column":0},"end":{"line":15,"column":3}},"15":{"start":{"line":16,"column":0},"end":{"line":16,"column":21}}},"s":{"0":1,"1":1,"2":1,"3":1,"4":1,"5":1,"6":1,"7":1,"8":1,"9":1,"10":2,"11":2,"12":2,"13":2,"14":1,"15":1},"branchMap":{"0":{"type":"branch","line":8,"loc":{"start":{"line":8,"column":17},"end":{"line":8,"column":45}},"locations":[{"start":{"line":8,"column":17},"end":{"line":8,"column":45}}]},"1":{"type":"branch","line":10,"loc":{"start":{"line":10,"column":29},"end":{"line":15,"column":2}},"locations":[{"start":{"line":10,"column":29},"end":{"line":15,"column":2}}]}},"b":{"0":[1],"1":[2]},"fnMap":{},"f":{}}
,"C:\\Users\\guilh\\Desktop\\Estudos-Jest\\src\\index.js": {"path":"C:\\Users\\guilh\\Desktop\\Estudos-Jest\\src\\index.js","all":false,"statementMap":{"0":{"start":{"line":1,"column":0},"end":{"line":1,"column":31}},"1":{"start":{"line":2,"column":0},"end":{"line":2,"column":22}},"2":{"start":{"line":3,"column":0},"end":{"line":3,"column":15}},"3":{"start":{"line":4,"column":0},"end":{"line":4,"column":2}},"4":{"start":{"line":5,"column":0},"end":{"line":5,"column":0}},"5":{"start":{"line":6,"column":0},"end":{"line":6,"column":18}},"6":{"start":{"line":7,"column":0},"end":{"line":7,"column":14}},"7":{"start":{"line":8,"column":0},"end":{"line":8,"column":2}}},"s":{"0":1,"1":2,"2":1,"3":1,"4":1,"5":1,"6":1,"7":1},"branchMap":{"0":{"type":"branch","line":1,"loc":{"start":{"line":1,"column":20},"end":{"line":4,"column":2}},"locations":[{"start":{"line":1,"column":20},"end":{"line":4,"column":2}}]},"1":{"type":"branch","line":2,"loc":{"start":{"line":2,"column":13},"end":{"line":4,"column":2}},"locations":[{"start":{"line":2,"column":13},"end":{"line":4,"column":2}}]}},"b":{"0":[2],"1":[1]},"fnMap":{"0":{"name":"subtraction","decl":{"start":{"line":1,"column":20},"end":{"line":4,"column":2}},"loc":{"start":{"line":1,"column":20},"end":{"line":4,"column":2}},"line":1}},"f":{"0":2}}
}
